<?xml version="1.0" encoding="UTF-8"?>
<!-- Generated by org.testng.reporters.JUnitXMLReporter -->
<testsuite ignored="0" hostname="BCT-TMP-055" failures="0" tests="11" name="Test" time="43.49" errors="0" timestamp="2021-11-12T11:06:06 IST">
  <testcase classname="com.testcases.TestMonefy" name="pieChart" time="0.556"/>
  <testcase classname="com.testcases.TestMonefy" name="income" time="0.347"/>
  <testcase classname="com.testcases.TestMonefy" name="expense" time="0.156"/>
  <testcase classname="com.testcases.TestMonefy" name="expenseButton" time="10.011"/>
  <testcase classname="com.testcases.TestMonefy" name="newExpense" time="0.117"/>
  <testcase classname="com.testcases.TestMonefy" name="incomeButton" time="8.505"/>
  <testcase classname="com.testcases.TestMonefy" name="newIncome" time="0.083"/>
  <testcase classname="com.testcases.TestMonefy" name="balanceButton" time="4.123"/>
  <testcase classname="com.testcases.TestMonefy" name="deleteExpense" time="2.919"/>
  <testcase classname="com.testcases.TestMonefy" name="deleteIncome" time="9.61"/>
  <testcase classname="com.testcases.TestMonefy" name="finalAmount" time="7.027"/>
</testsuite> <!-- Test -->
